<?xml version="1.0" encoding="UTF-8"?>
<!-- Generated by org.testng.reporters.JUnitReportReporter -->
<testsuite hostname="DESKTOP-5PL5PQ2" failures="0" tests="1" name="Test.ExtentReportTestNg" time="6.422" errors="0" timestamp="2024-08-22T13:11:21 IST" skipped="0">
  <testcase classname="Test.ExtentReportTestNg" name="extentReportsDemo" time="6.422"/>
</testsuite> <!-- Test.ExtentReportTestNg -->
