<?xml version="1.0" encoding="UTF-8"?>
<!-- Generated by org.testng.reporters.JUnitReportReporter -->
<testsuite hostname="DESKTOP-5PL5PQ2" failures="0" tests="1" name="BrowserTest" time="8.067" errors="0" timestamp="2024-08-13T00:49:15 IST" skipped="0">
  <testcase classname="BrowserTest" name="Hello" time="8.067"/>
</testsuite> <!-- BrowserTest -->
