<?xml version="1.0" encoding="UTF-8"?>
<!-- Generated by org.testng.reporters.JUnitReportReporter -->
<testsuite hostname="DESKTOP-5PL5PQ2" failures="0" tests="1" name="Test.BrowserTest1" time="27.229" errors="0" timestamp="2024-08-13T16:54:05 IST" skipped="0">
  <testcase classname="Test.BrowserTest1" name="Hello1" time="27.229"/>
</testsuite> <!-- Test.BrowserTest1 -->
