<?xml version="1.0" encoding="UTF-8"?>
<!-- Generated by org.testng.reporters.JUnitReportReporter -->
<testsuite hostname="DESKTOP-5PL5PQ2" failures="0" tests="1" name="Test.BrowserTest" time="7.466" errors="0" timestamp="2024-08-23T16:01:44 IST" skipped="0">
  <testcase classname="Test.BrowserTest" name="Hello" time="7.466"/>
</testsuite> <!-- Test.BrowserTest -->
