<?xml version="1.0" encoding="UTF-8"?>
<!-- Generated by org.testng.reporters.JUnitReportReporter -->
<testsuite hostname="DESKTOP-5PL5PQ2" failures="0" tests="1" name="Test.BrowserTest1" time="23.448" errors="0" timestamp="2024-08-23T16:01:44 IST" skipped="0">
  <testcase classname="Test.BrowserTest1" name="Hello1" time="23.448"/>
</testsuite> <!-- Test.BrowserTest1 -->
