<?xml version="1.0" encoding="UTF-8"?>
<!-- Generated by org.testng.reporters.JUnitReportReporter -->
<testsuite hostname="DESKTOP-5PL5PQ2" failures="0" tests="1" name="Test.BrowserTest" time="6.644" errors="0" timestamp="2024-08-24T02:04:26 IST" skipped="0">
  <testcase classname="Test.BrowserTest" name="Test1" time="6.644"/>
</testsuite> <!-- Test.BrowserTest -->
