<?xml version="1.0" encoding="UTF-8"?>
<!-- Generated by org.testng.reporters.JUnitReportReporter -->
<testsuite hostname="DESKTOP-5PL5PQ2" failures="0" tests="1" name="Test.BrowserTest1" time="21.583" errors="0" timestamp="2024-08-23T15:48:41 IST" skipped="0">
  <testcase classname="Test.BrowserTest1" name="Hello1" time="21.583"/>
</testsuite> <!-- Test.BrowserTest1 -->
