<?xml version="1.0" encoding="UTF-8"?>
<!-- Generated by org.testng.reporters.JUnitReportReporter -->
<testsuite hostname="DESKTOP-5PL5PQ2" failures="0" tests="1" name="Test.BrowserTest1" time="14.919" errors="0" timestamp="2024-08-22T15:54:57 IST" skipped="0">
  <testcase classname="Test.BrowserTest1" name="Hello1" time="14.919"/>
</testsuite> <!-- Test.BrowserTest1 -->
